<?xml version="1.0" encoding="UTF-8"?>
<!-- Generated by org.testng.reporters.JUnitReportReporter -->
<testsuite skipped="0" hostname="TDBLR-LTP-XX1" name="executor.VerifyAdminLogin" tests="2" failures="0" timestamp="08 Nov 2019 13:21:04 GMT" time="4.481" errors="0">
  <testcase name="Login" time="3.144" classname="executor.VerifyAdminLogin"/>
  <testcase name="logout" time="1.337" classname="executor.VerifyAdminLogin"/>
</testsuite> <!-- executor.VerifyAdminLogin -->
