<?xml version="1.0" encoding="UTF-8"?>
<!-- Generated by org.testng.reporters.JUnitReportReporter -->
<testsuite skipped="0" hostname="TDBLR-LTP-XX1" name="executor.VerifyAdminLoginTest" tests="2" failures="0" timestamp="08 Jan 2020 11:46:46 GMT" time="2.938" errors="0">
  <testcase name="loginUsr" time="1.856" classname="executor.VerifyAdminLoginTest"/>
  <testcase name="logout" time="1.082" classname="executor.VerifyAdminLoginTest"/>
</testsuite> <!-- executor.VerifyAdminLoginTest -->
