<?xml version="1.0" encoding="UTF-8"?>
<!-- Generated by org.testng.reporters.JUnitReportReporter -->
<testsuite skipped="0" hostname="TDBLR-LTP-XX1" name="executor.LoginToUserAccountTest" tests="1" failures="0" timestamp="19 Nov 2019 06:59:54 GMT" time="2.887" errors="0">
  <testcase name="login" time="2.887" classname="executor.LoginToUserAccountTest"/>
</testsuite> <!-- executor.LoginToUserAccountTest -->
