<?xml version="1.0" encoding="UTF-8"?>
<!-- Generated by org.testng.reporters.JUnitReportReporter -->
<testsuite skipped="0" hostname="TDBLR-LTP-XX1" name="executor.HomePage" tests="1" failures="0" timestamp="08 Nov 2019 09:50:16 GMT" time="2.421" errors="0">
  <testcase name="homePage" time="2.421" classname="executor.HomePage"/>
</testsuite> <!-- executor.HomePage -->
