<?xml version="1.0" encoding="UTF-8"?>
<!-- Generated by org.testng.reporters.JUnitReportReporter -->
<testsuite skipped="0" hostname="TDBLR-LTP-XX1" name="executor.BcastUserCreationTest" tests="1" failures="0" timestamp="19 Nov 2019 06:44:56 GMT" time="9.485" errors="0">
  <testcase name="bcastUserCreation" time="9.485" classname="executor.BcastUserCreationTest"/>
</testsuite> <!-- executor.BcastUserCreationTest -->
